<?xml version="1.0" encoding="UTF-8"?>
<!-- Generated by org.testng.reporters.JUnitReportReporter -->
<testsuite skipped="0" hostname="LAPTOP-SLGHCS3M" name="com.mg.qa.test.DifferentDrame" tests="1" failures="0" timestamp="27 Jul 2017 00:12:11 GMT" time="0.571" errors="0">
  <testcase name="dragAndDropTestCaseWithinFrame" time="0.571" classname="com.mg.qa.test.DifferentDrame"/>
</testsuite> <!-- com.mg.qa.test.DifferentDrame -->
